MEM 617.851562 1751643914.3009
MEM 618.320312 1751643914.3078
MEM 1990.242188 1751643944.3238
MEM 5147.648438 1751643974.3623
MEM 12509.343750 1751644004.4140
MEM 16636.136719 1751644034.4709
MEM 16580.445312 1751644064.5297
MEM 16274.378906 1751644094.5952
MEM 20878.179688 1751644124.6595
MEM 18034.777344 1751644154.7015
MEM 16084.425781 1751644184.7473
MEM 16652.550781 1751644214.7925
MEM 16704.425781 1751644244.8420
MEM 18028.332031 1751644274.9095
MEM 18059.269531 1751644304.9549
MEM 18085.050781 1751644335.0295
MEM 18102.394531 1751644365.0850
MEM 18119.894531 1751644395.1346
MEM 18129.582031 1751644425.2041
MEM 18143.332031 1751644455.2429
MEM 18152.082031 1751644485.3106
MEM 18160.363281 1751644515.3782
MEM 18168.332031 1751644545.4533
MEM 18173.957031 1751644575.4710
MEM 18179.894531 1751644605.5158
MEM 18182.394531 1751644635.5625
MEM 18185.988281 1751644665.6094
MEM 18189.113281 1751644695.6552
MEM 18193.488281 1751644725.7017
MEM 18195.363281 1751644755.7581
MEM 18197.238281 1751644785.8020
MEM 18198.175781 1751644815.8733
MEM 18198.957031 1751644845.9390
MEM 18200.675781 1751644876.0131
MEM 8089.441406 1751644906.0488
MEM 7813.519531 1751644935.2333
