INFO:pypsa.io:Imported network base_s_128_elec_residualload.nc has buses, carriers, generators, lines, links, loads, storage_units, stores
INFO:__main__:Adding solar potential constraint.
INFO:linopy.model: Solve problem using Gurobi solver
INFO:linopy.model:Solver options:
 - threads: 20
 - method: 2
 - crossover: 0
 - BarConvTol: 1e-06
 - Seed: 123
 - AggFill: 0
 - PreDual: 0
 - GURO_PAR_BARDENSETHRESH: 200
INFO:linopy.io:Writing objective.
INFO:linopy.io: Writing time: 38.88s
INFO:linopy.constants: Optimization successful: 
Status: ok
Termination condition: optimal
Solution: 4409512 primals, 10183465 duals
Objective: 5.43e+10
Solver model: available
Solver message: 2

INFO:pypsa.optimization.optimize:The shadow-prices of the constraints Generator-fix-p-lower, Generator-fix-p-upper, Generator-ext-p-lower, Generator-ext-p-upper, Line-ext-s-lower, Line-ext-s-upper, Link-ext-p-lower, Link-ext-p-upper, Store-ext-e-lower, Store-ext-e-upper, StorageUnit-fix-p_dispatch-lower, StorageUnit-fix-p_dispatch-upper, StorageUnit-fix-p_store-lower, StorageUnit-fix-p_store-upper, StorageUnit-fix-state_of_charge-lower, StorageUnit-fix-state_of_charge-upper, Kirchhoff-Voltage-Law, StorageUnit-energy_balance, Store-energy_balance, Line-loss_upper, Line-loss_tangents-1--1, Line-loss_tangents-1-1, Line-loss_tangents-2--1, Line-loss_tangents-2-1, solar_potential were not assigned to the network.
INFO:__main__:Maximum memory usage: (20878.1796875, 1751644124.659543)
INFO:pypsa.io:Exported network 'base_s_128_elec_Co2L-3h.nc' contains: storage_units, links, generators, loads, stores, buses, lines, carriers
